\BOOKMARK [1][-]{section.1}{\376\377\167\342\221\317\122\006\147\220}{}% 1
\BOOKMARK [2][-]{subsection.1.1}{\376\377\153\143\116\244\127\120\150\007\174\373}{section.1}% 2
\BOOKMARK [3][-]{subsubsection.1.1.1}{\376\377\153\143\116\244\127\120\150\007\174\373\133\232\116\111}{subsection.1.1}% 3
\BOOKMARK [3][-]{subsubsection.1.1.2}{\376\377\116\011\171\315\136\070\165\050\153\143\116\244\127\120\150\007\174\373}{subsection.1.1}% 4
\BOOKMARK [3][-]{subsubsection.1.1.3}{\376\377\127\120\150\007\123\330\143\142\377\010\210\145\121\105\377\011}{subsection.1.1}% 5
\BOOKMARK [2][-]{subsection.1.2}{\376\377\167\342\221\317\116\343\145\160}{section.1}% 6
\BOOKMARK [3][-]{subsubsection.1.2.1}{\376\377\167\342\221\317\127\372\147\054\210\150\171\072}{subsection.1.2}% 7
\BOOKMARK [3][-]{subsubsection.1.2.2}{\376\377\167\342\221\317\160\271\116\130\377\010\145\160\221\317\171\357\000/\150\007\221\317\171\357\377\011}{subsection.1.2}% 8
\BOOKMARK [3][-]{subsubsection.1.2.3}{\376\377\167\342\221\317\123\311\116\130\377\010\167\342\221\317\171\357\000/\123\311\171\357\377\011}{subsection.1.2}% 9
\BOOKMARK [2][-]{subsection.1.3}{\376\377\150\007\221\317\127\072\124\214\167\342\221\317\127\072}{section.1}% 10
\BOOKMARK [2][-]{subsection.1.4}{\376\377\150\007\221\317\127\072\166\204\150\257\136\246}{section.1}% 11
\BOOKMARK [3][-]{subsubsection.1.4.1}{\376\377\124\310\133\306\230\177\173\227\133\120\377\010\000N\000a\000b\000l\000a\173\227\133\120\377\011}{subsection.1.4}% 12
\BOOKMARK [3][-]{subsubsection.1.4.2}{\376\377\150\257\136\246\377\010\000G\000r\000a\000d\000i\000e\000n\000t\377\011}{subsection.1.4}% 13
\BOOKMARK [3][-]{subsubsection.1.4.3}{\376\377\145\271\124\021\133\374\145\160}{subsection.1.4}% 14
\BOOKMARK [2][-]{subsection.1.5}{\376\377\167\342\221\317\127\072\166\204\220\032\221\317\124\214\145\143\136\246}{section.1}% 15
\BOOKMARK [3][-]{subsubsection.1.5.1}{\376\377\220\032\221\317\377\010\000F\000l\000u\000x\377\011}{subsection.1.5}% 16
\BOOKMARK [3][-]{subsubsection.1.5.2}{\376\377\145\143\136\246\377\010\000D\000i\000v\000e\000r\000g\000e\000n\000c\000e\377\011}{subsection.1.5}% 17
\BOOKMARK [3][-]{subsubsection.1.5.3}{\376\377\145\143\136\246\133\232\164\006\377\010\232\330\145\257\133\232\164\006\377\011}{subsection.1.5}% 18
\BOOKMARK [2][-]{subsection.1.6}{\376\377\167\342\221\317\127\072\166\204\163\257\221\317\124\214\145\313\136\246}{section.1}% 19
\BOOKMARK [3][-]{subsubsection.1.6.1}{\376\377\163\257\221\317\377\010\000C\000i\000r\000c\000u\000l\000a\000t\000i\000o\000n\377\011}{subsection.1.6}% 20
\BOOKMARK [3][-]{subsubsection.1.6.2}{\376\377\145\313\136\246\377\010\000C\000u\000r\000l\000/\000R\000o\000t\000a\000t\000i\000o\000n\377\011}{subsection.1.6}% 21
\BOOKMARK [3][-]{subsubsection.1.6.3}{\376\377\145\257\142\130\121\113\145\257\133\232\164\006}{subsection.1.6}% 22
\BOOKMARK [2][-]{subsection.1.7}{\376\377\116\245\131\306\227\015\121\171\133\232\164\006}{section.1}% 23
